<?xml version="1.0" encoding="UTF-8"?>
<testsuite xmlns:xsi="http://www.w3.org/2001/XMLSchema-instance" xsi:noNamespaceSchemaLocation="https://maven.apache.org/surefire/maven-surefire-plugin/xsd/surefire-test-report-3.0.xsd" version="3.0" name="com.wse.qanaryexplanationservice.controller.ExplanationControllerTest$QueryBuilderTests$QaSystemExplanationTest" time="0.894" tests="2" errors="0" skipped="0" failures="0">
  <properties>
[...]
</properties>
  <testcase name="notFoundWhenNoPathVariables" classname="com.wse.qanaryexplanationservice.controller.ExplanationControllerTest$QueryBuilderTests$QaSystemExplanationTest" time="0.017">
    <system-out><![CDATA[2023-09-21T08:45:42.997+02:00  INFO 12674 --- [           main] t.c.s.AnnotationConfigContextLoaderUtils : Could not detect default configuration classes for test class [com.wse.qanaryexplanationservice.controller.ExplanationControllerTest]: ExplanationControllerTest does not declare any static, non-private, non-final, nested classes annotated with @Configuration.
2023-09-21T08:45:43.001+02:00  INFO 12674 --- [           main] .b.t.c.SpringBootTestContextBootstrapper : Found @SpringBootConfiguration com.wse.qanaryexplanationservice.QanaryExplanationServiceApplication for test class com.wse.qanaryexplanationservice.controller.ExplanationControllerTest
2023-09-21T08:45:43.007+02:00  INFO 12674 --- [           main] t.c.s.AnnotationConfigContextLoaderUtils : Could not detect default configuration classes for test class [com.wse.qanaryexplanationservice.controller.ExplanationControllerTest$QueryBuilderTests]: QueryBuilderTests does not declare any static, non-private, non-final, nested classes annotated with @Configuration.
2023-09-21T08:45:43.011+02:00  INFO 12674 --- [           main] .b.t.c.SpringBootTestContextBootstrapper : Found @SpringBootConfiguration com.wse.qanaryexplanationservice.QanaryExplanationServiceApplication for test class com.wse.qanaryexplanationservice.controller.ExplanationControllerTest$QueryBuilderTests
2023-09-21T08:45:43.015+02:00  INFO 12674 --- [           main] t.c.s.AnnotationConfigContextLoaderUtils : Could not detect default configuration classes for test class [com.wse.qanaryexplanationservice.controller.ExplanationControllerTest$QueryBuilderTests$QaSystemExplanationTest]: QaSystemExplanationTest does not declare any static, non-private, non-final, nested classes annotated with @Configuration.
2023-09-21T08:45:43.018+02:00  INFO 12674 --- [           main] .b.t.c.SpringBootTestContextBootstrapper : Found @SpringBootConfiguration com.wse.qanaryexplanationservice.QanaryExplanationServiceApplication for test class com.wse.qanaryexplanationservice.controller.ExplanationControllerTest$QueryBuilderTests$QaSystemExplanationTest

  .   ____          _            __ _ _
 /\\ / ___'_ __ _ _(_)_ __  __ _ \ \ \ \
( ( )\___ | '_ | '_| | '_ \/ _` | \ \ \ \
 \\/  ___)| |_)| | | | | || (_| |  ) ) ) )
  '  |____| .__|_| |_|_| |_\__, | / / / /
 =========|_|==============|___/=/_/_/_/
 :: Spring Boot ::                (v3.1.2)

2023-09-21T08:45:43.041+02:00  WARN 12674 --- [           main] ory$DuplicateJsonObjectContextCustomizer : 

Found multiple occurrences of org.json.JSONObject on the class path:

	jar:file:/home/dschiese/.m2/repository/org/json/json/20230227/json-20230227.jar!/org/json/JSONObject.class
	jar:file:/home/dschiese/.m2/repository/com/vaadin/external/google/android-json/0.0.20131108.vaadin1/android-json-0.0.20131108.vaadin1.jar!/org/json/JSONObject.class

You may wish to exclude one of them to ensure predictable runtime behavior

2023-09-21T08:45:43.042+02:00  INFO 12674 --- [           main] c.w.q.c.ExplanationControllerTest        : Starting ExplanationControllerTest using Java 17.0.8 with PID 12674 (started by dschiese in /home/dschiese/wseresearch/qanary-explanation-service)
2023-09-21T08:45:43.043+02:00  INFO 12674 --- [           main] c.w.q.c.ExplanationControllerTest        : No active profile set, falling back to 1 default profile: "default"
2023-09-21T08:45:43.386+02:00  WARN 12674 --- [           main] ion$DefaultTemplateResolverConfiguration : Cannot find template location: classpath:/templates/ (please add some templates, check your Thymeleaf configuration, or set spring.thymeleaf.check-template-location=false)
2023-09-21T08:45:43.461+02:00  INFO 12674 --- [           main] o.s.b.t.m.w.SpringBootMockServletContext : Initializing Spring TestDispatcherServlet ''
2023-09-21T08:45:43.461+02:00  INFO 12674 --- [           main] o.s.t.web.servlet.TestDispatcherServlet  : Initializing Servlet ''
2023-09-21T08:45:43.463+02:00  INFO 12674 --- [           main] o.s.b.a.e.web.EndpointLinksResolver      : Exposing 1 endpoint(s) beneath base path '/actuator'
2023-09-21T08:45:43.465+02:00  INFO 12674 --- [           main] o.s.t.web.servlet.TestDispatcherServlet  : Completed initialization in 4 ms
2023-09-21T08:45:43.484+02:00  INFO 12674 --- [           main] c.w.q.c.ExplanationControllerTest        : Started ExplanationControllerTest in 0.463 seconds (process running for 4.524)

  .   ____          _            __ _ _
 /\\ / ___'_ __ _ _(_)_ __  __ _ \ \ \ \
( ( )\___ | '_ | '_| | '_ \/ _` | \ \ \ \
 \\/  ___)| |_)| | | | | || (_| |  ) ) ) )
  '  |____| .__|_| |_|_| |_\__, | / / / /
 =========|_|==============|___/=/_/_/_/
 :: Spring Boot ::                (v3.1.2)

2023-09-21T08:45:43.585+02:00  WARN 12674 --- [           main] ory$DuplicateJsonObjectContextCustomizer : 

Found multiple occurrences of org.json.JSONObject on the class path:

	jar:file:/home/dschiese/.m2/repository/org/json/json/20230227/json-20230227.jar!/org/json/JSONObject.class
	jar:file:/home/dschiese/.m2/repository/com/vaadin/external/google/android-json/0.0.20131108.vaadin1/android-json-0.0.20131108.vaadin1.jar!/org/json/JSONObject.class

You may wish to exclude one of them to ensure predictable runtime behavior

2023-09-21T08:45:43.587+02:00  INFO 12674 --- [           main] ueryBuilderTests$QaSystemExplanationTest : Starting ExplanationControllerTest.QueryBuilderTests.QaSystemExplanationTest using Java 17.0.8 with PID 12674 (started by dschiese in /home/dschiese/wseresearch/qanary-explanation-service)
2023-09-21T08:45:43.587+02:00  INFO 12674 --- [           main] ueryBuilderTests$QaSystemExplanationTest : No active profile set, falling back to 1 default profile: "default"
2023-09-21T08:45:43.814+02:00  WARN 12674 --- [           main] ion$DefaultTemplateResolverConfiguration : Cannot find template location: classpath:/templates/ (please add some templates, check your Thymeleaf configuration, or set spring.thymeleaf.check-template-location=false)
2023-09-21T08:45:43.855+02:00  INFO 12674 --- [           main] o.s.b.t.m.w.SpringBootMockServletContext : Initializing Spring TestDispatcherServlet ''
2023-09-21T08:45:43.856+02:00  INFO 12674 --- [           main] o.s.t.web.servlet.TestDispatcherServlet  : Initializing Servlet ''
2023-09-21T08:45:43.857+02:00  INFO 12674 --- [           main] o.s.b.a.e.web.EndpointLinksResolver      : Exposing 1 endpoint(s) beneath base path '/actuator'
2023-09-21T08:45:43.859+02:00  INFO 12674 --- [           main] o.s.t.web.servlet.TestDispatcherServlet  : Completed initialization in 3 ms
2023-09-21T08:45:43.871+02:00  INFO 12674 --- [           main] ueryBuilderTests$QaSystemExplanationTest : Started ExplanationControllerTest.QueryBuilderTests.QaSystemExplanationTest in 0.301 seconds (process running for 4.91)
]]></system-out>
  </testcase>
  <testcase name="givenGraphURICallsSystemExplanation" classname="com.wse.qanaryexplanationservice.controller.ExplanationControllerTest$QueryBuilderTests$QaSystemExplanationTest" time="0.014"/>
</testsuite>